<?xml version="1.0" encoding="UTF-8"?>
<!-- Generated by org.testng.reporters.JUnitXMLReporter -->
<testsuite hostname="DESKTOP-IPLHFRS" name="Test" tests="1" failures="1" timestamp="14 Mar 2018 03:30:14 GMT" time="0.888" errors="0">
  <testcase name="Login" time="0.02" classname="com.veeru.BussinessScripts.AndhraBank">
    <failure type="java.lang.NullPointerException" message="null value in entry: url=null">
      <![CDATA[java.lang.NullPointerException: null value in entry: url=null
	at com.google.common.collect.CollectPreconditions.checkEntryNotNull(CollectPreconditions.java:33)
	at com.google.common.collect.SingletonImmutableBiMap.<init>(SingletonImmutableBiMap.java:39)
	at com.google.common.collect.ImmutableBiMap.of(ImmutableBiMap.java:49)
	at com.google.common.collect.ImmutableMap.of(ImmutableMap.java:70)
	at org.openqa.selenium.remote.RemoteWebDriver.get(RemoteWebDriver.java:316)
	at com.veeru.BussinessScripts.AndhraBank.Login(AndhraBank.java:15)
... Removed 24 stack frames]]>
    </failure>
  </testcase> <!-- Login -->
</testsuite> <!-- Test -->
